<?xml version="1.0" encoding="UTF-8"?>
<testng-results ignored="0" total="1" passed="0" failed="0" skipped="1">
  <reporter-output>
  </reporter-output>
  <suite started-at="2021-07-16T00:12:01 EDT" name="Default suite" finished-at="2021-07-16T00:13:03 EDT" duration-ms="61872">
    <groups>
    </groups>
    <test started-at="2021-07-16T00:12:01 EDT" name="Default test" finished-at="2021-07-16T00:13:03 EDT" duration-ms="61872">
      <class name="com.Testing.TestExecution">
        <test-method is-config="true" signature="setup()[pri:0, instance:com.Testing.TestExecution@703580bf]" started-at="2021-07-16T00:12:01 EDT" name="setup" finished-at="2021-07-16T00:13:02 EDT" duration-ms="61810" status="FAIL">
          <exception class="org.openqa.selenium.WebDriverException">
            <message>
              <![CDATA[chrome not reachable
Build info: version: '3.141.59', revision: 'e82be7d358', time: '2018-11-14T08:17:03'
System info: host: 'DESKTOP-ROC825B', ip: '192.168.1.9', os.name: 'Windows 10', os.arch: 'amd64', os.version: '10.0', java.version: '16.0.1'
Driver info: driver.version: ChromeDriver
remote stacktrace: Backtrace:
Ordinal0 [0x00313733+2504499]
Ordinal0 [0x002AC401+2081793]
Ordinal0 [0x001B24F0+1058032]
Ordinal0 [0x001A74B5+1012917]
Ordinal0 [0x001D005B+1179739]
Ordinal0 [0x001CC58C+1164684]
Ordinal0 [0x001C9DC3+1154499]
Ordinal0 [0x001F9B82+1350530]
Ordinal0 [0x001F97DA+1349594]
Ordinal0 [0x001F5D4B+1334603]
Ordinal0 [0x001D22B4+1188532]
Ordinal0 [0x001D3149+1192265]
GetHandleVerifier [0x0048FB8C+1512252]
GetHandleVerifier [0x0053B0DF+2214031]
GetHandleVerifier [0x00394BC3+484211]
GetHandleVerifier [0x00393E69+480793]
Ordinal0 [0x002B218D+2105741]
Ordinal0 [0x002B66E8+2123496]
Ordinal0 [0x002B6827+2123815]
Ordinal0 [0x002BFB73+2161523]
BaseThreadInitThunk [0x75F4FA29+25]
RtlGetAppContainerNamedObjectPath [0x771E7A7E+286]
RtlGetAppContainerNamedObjectPath [0x771E7A4E+238]
(No symbol) [0x00000000]
]]>
            </message>
            <full-stacktrace>
              <![CDATA[org.openqa.selenium.WebDriverException: chrome not reachable
Build info: version: '3.141.59', revision: 'e82be7d358', time: '2018-11-14T08:17:03'
System info: host: 'DESKTOP-ROC825B', ip: '192.168.1.9', os.name: 'Windows 10', os.arch: 'amd64', os.version: '10.0', java.version: '16.0.1'
Driver info: driver.version: ChromeDriver
remote stacktrace: Backtrace:
Ordinal0 [0x00313733+2504499]
Ordinal0 [0x002AC401+2081793]
Ordinal0 [0x001B24F0+1058032]
Ordinal0 [0x001A74B5+1012917]
Ordinal0 [0x001D005B+1179739]
Ordinal0 [0x001CC58C+1164684]
Ordinal0 [0x001C9DC3+1154499]
Ordinal0 [0x001F9B82+1350530]
Ordinal0 [0x001F97DA+1349594]
Ordinal0 [0x001F5D4B+1334603]
Ordinal0 [0x001D22B4+1188532]
Ordinal0 [0x001D3149+1192265]
GetHandleVerifier [0x0048FB8C+1512252]
GetHandleVerifier [0x0053B0DF+2214031]
GetHandleVerifier [0x00394BC3+484211]
GetHandleVerifier [0x00393E69+480793]
Ordinal0 [0x002B218D+2105741]
Ordinal0 [0x002B66E8+2123496]
Ordinal0 [0x002B6827+2123815]
Ordinal0 [0x002BFB73+2161523]
BaseThreadInitThunk [0x75F4FA29+25]
RtlGetAppContainerNamedObjectPath [0x771E7A7E+286]
RtlGetAppContainerNamedObjectPath [0x771E7A4E+238]
(No symbol) [0x00000000]

at java.base/jdk.internal.reflect.NativeConstructorAccessorImpl.newInstance0(Native Method)
at java.base/jdk.internal.reflect.NativeConstructorAccessorImpl.newInstance(NativeConstructorAccessorImpl.java:78)
at java.base/jdk.internal.reflect.DelegatingConstructorAccessorImpl.newInstance(DelegatingConstructorAccessorImpl.java:45)
at java.base/java.lang.reflect.Constructor.newInstanceWithCaller(Constructor.java:499)
at java.base/java.lang.reflect.Constructor.newInstance(Constructor.java:480)
at org.openqa.selenium.remote.W3CHandshakeResponse.lambda$errorHandler$0(W3CHandshakeResponse.java:62)
at org.openqa.selenium.remote.HandshakeResponse.lambda$getResponseFunction$0(HandshakeResponse.java:30)
at org.openqa.selenium.remote.ProtocolHandshake.lambda$createSession$0(ProtocolHandshake.java:126)
at java.base/java.util.stream.ReferencePipeline$3$1.accept(ReferencePipeline.java:197)
at java.base/java.util.Spliterators$ArraySpliterator.tryAdvance(Spliterators.java:958)
at java.base/java.util.stream.ReferencePipeline.forEachWithCancel(ReferencePipeline.java:129)
at java.base/java.util.stream.AbstractPipeline.copyIntoWithCancel(AbstractPipeline.java:502)
at java.base/java.util.stream.AbstractPipeline.copyInto(AbstractPipeline.java:488)
at java.base/java.util.stream.AbstractPipeline.wrapAndCopyInto(AbstractPipeline.java:474)
at java.base/java.util.stream.FindOps$FindOp.evaluateSequential(FindOps.java:150)
at java.base/java.util.stream.AbstractPipeline.evaluate(AbstractPipeline.java:234)
at java.base/java.util.stream.ReferencePipeline.findFirst(ReferencePipeline.java:647)
at org.openqa.selenium.remote.ProtocolHandshake.createSession(ProtocolHandshake.java:128)
at org.openqa.selenium.remote.ProtocolHandshake.createSession(ProtocolHandshake.java:74)
at org.openqa.selenium.remote.HttpCommandExecutor.execute(HttpCommandExecutor.java:136)
at org.openqa.selenium.remote.service.DriverCommandExecutor.execute(DriverCommandExecutor.java:83)
at org.openqa.selenium.remote.RemoteWebDriver.execute(RemoteWebDriver.java:552)
at org.openqa.selenium.remote.RemoteWebDriver.startSession(RemoteWebDriver.java:213)
at org.openqa.selenium.remote.RemoteWebDriver.<init>(RemoteWebDriver.java:131)
at org.openqa.selenium.chrome.ChromeDriver.<init>(ChromeDriver.java:181)
at org.openqa.selenium.chrome.ChromeDriver.<init>(ChromeDriver.java:168)
at org.openqa.selenium.chrome.ChromeDriver.<init>(ChromeDriver.java:123)
at com.generic.DriverManager.getDriver(DriverManager.java:13)
at com.Testing.TestExecution.setup(TestExecution.java:17)
at java.base/jdk.internal.reflect.NativeMethodAccessorImpl.invoke0(Native Method)
at java.base/jdk.internal.reflect.NativeMethodAccessorImpl.invoke(NativeMethodAccessorImpl.java:78)
at java.base/jdk.internal.reflect.DelegatingMethodAccessorImpl.invoke(DelegatingMethodAccessorImpl.java:43)
at java.base/java.lang.reflect.Method.invoke(Method.java:567)
at org.testng.internal.MethodInvocationHelper.invokeMethod(MethodInvocationHelper.java:133)
at org.testng.internal.MethodInvocationHelper.invokeMethodConsideringTimeout(MethodInvocationHelper.java:62)
at org.testng.internal.ConfigInvoker.invokeConfigurationMethod(ConfigInvoker.java:385)
at org.testng.internal.ConfigInvoker.invokeConfigurations(ConfigInvoker.java:321)
at org.testng.TestRunner.invokeTestConfigurations(TestRunner.java:637)
at org.testng.TestRunner.beforeRun(TestRunner.java:627)
at org.testng.TestRunner.run(TestRunner.java:589)
at org.testng.SuiteRunner.runTest(SuiteRunner.java:377)
at org.testng.SuiteRunner.runSequentially(SuiteRunner.java:371)
at org.testng.SuiteRunner.privateRun(SuiteRunner.java:332)
at org.testng.SuiteRunner.run(SuiteRunner.java:276)
at org.testng.SuiteRunnerWorker.runSuite(SuiteRunnerWorker.java:53)
at org.testng.SuiteRunnerWorker.run(SuiteRunnerWorker.java:96)
at org.testng.TestNG.runSuitesSequentially(TestNG.java:1212)
at org.testng.TestNG.runSuitesLocally(TestNG.java:1134)
at org.testng.TestNG.runSuites(TestNG.java:1063)
at org.testng.TestNG.run(TestNG.java:1031)
at org.testng.remote.AbstractRemoteTestNG.run(AbstractRemoteTestNG.java:115)
at org.testng.remote.RemoteTestNG.initAndRun(RemoteTestNG.java:251)
at org.testng.remote.RemoteTestNG.main(RemoteTestNG.java:77)
]]>
            </full-stacktrace>
          </exception> <!-- org.openqa.selenium.WebDriverException -->
          <reporter-output>
          </reporter-output>
        </test-method> <!-- setup -->
        <test-method signature="login()[pri:0, instance:com.Testing.TestExecution@703580bf]" started-at="2021-07-16T00:13:02 EDT" name="login" finished-at="2021-07-16T00:13:02 EDT" duration-ms="0" status="SKIP">
          <exception class="org.openqa.selenium.WebDriverException">
            <message>
              <![CDATA[chrome not reachable
Build info: version: '3.141.59', revision: 'e82be7d358', time: '2018-11-14T08:17:03'
System info: host: 'DESKTOP-ROC825B', ip: '192.168.1.9', os.name: 'Windows 10', os.arch: 'amd64', os.version: '10.0', java.version: '16.0.1'
Driver info: driver.version: ChromeDriver
remote stacktrace: Backtrace:
Ordinal0 [0x00313733+2504499]
Ordinal0 [0x002AC401+2081793]
Ordinal0 [0x001B24F0+1058032]
Ordinal0 [0x001A74B5+1012917]
Ordinal0 [0x001D005B+1179739]
Ordinal0 [0x001CC58C+1164684]
Ordinal0 [0x001C9DC3+1154499]
Ordinal0 [0x001F9B82+1350530]
Ordinal0 [0x001F97DA+1349594]
Ordinal0 [0x001F5D4B+1334603]
Ordinal0 [0x001D22B4+1188532]
Ordinal0 [0x001D3149+1192265]
GetHandleVerifier [0x0048FB8C+1512252]
GetHandleVerifier [0x0053B0DF+2214031]
GetHandleVerifier [0x00394BC3+484211]
GetHandleVerifier [0x00393E69+480793]
Ordinal0 [0x002B218D+2105741]
Ordinal0 [0x002B66E8+2123496]
Ordinal0 [0x002B6827+2123815]
Ordinal0 [0x002BFB73+2161523]
BaseThreadInitThunk [0x75F4FA29+25]
RtlGetAppContainerNamedObjectPath [0x771E7A7E+286]
RtlGetAppContainerNamedObjectPath [0x771E7A4E+238]
(No symbol) [0x00000000]
]]>
            </message>
            <full-stacktrace>
              <![CDATA[org.openqa.selenium.WebDriverException: chrome not reachable
Build info: version: '3.141.59', revision: 'e82be7d358', time: '2018-11-14T08:17:03'
System info: host: 'DESKTOP-ROC825B', ip: '192.168.1.9', os.name: 'Windows 10', os.arch: 'amd64', os.version: '10.0', java.version: '16.0.1'
Driver info: driver.version: ChromeDriver
remote stacktrace: Backtrace:
Ordinal0 [0x00313733+2504499]
Ordinal0 [0x002AC401+2081793]
Ordinal0 [0x001B24F0+1058032]
Ordinal0 [0x001A74B5+1012917]
Ordinal0 [0x001D005B+1179739]
Ordinal0 [0x001CC58C+1164684]
Ordinal0 [0x001C9DC3+1154499]
Ordinal0 [0x001F9B82+1350530]
Ordinal0 [0x001F97DA+1349594]
Ordinal0 [0x001F5D4B+1334603]
Ordinal0 [0x001D22B4+1188532]
Ordinal0 [0x001D3149+1192265]
GetHandleVerifier [0x0048FB8C+1512252]
GetHandleVerifier [0x0053B0DF+2214031]
GetHandleVerifier [0x00394BC3+484211]
GetHandleVerifier [0x00393E69+480793]
Ordinal0 [0x002B218D+2105741]
Ordinal0 [0x002B66E8+2123496]
Ordinal0 [0x002B6827+2123815]
Ordinal0 [0x002BFB73+2161523]
BaseThreadInitThunk [0x75F4FA29+25]
RtlGetAppContainerNamedObjectPath [0x771E7A7E+286]
RtlGetAppContainerNamedObjectPath [0x771E7A4E+238]
(No symbol) [0x00000000]

at java.base/jdk.internal.reflect.NativeConstructorAccessorImpl.newInstance0(Native Method)
at java.base/jdk.internal.reflect.NativeConstructorAccessorImpl.newInstance(NativeConstructorAccessorImpl.java:78)
at java.base/jdk.internal.reflect.DelegatingConstructorAccessorImpl.newInstance(DelegatingConstructorAccessorImpl.java:45)
at java.base/java.lang.reflect.Constructor.newInstanceWithCaller(Constructor.java:499)
at java.base/java.lang.reflect.Constructor.newInstance(Constructor.java:480)
at org.openqa.selenium.remote.W3CHandshakeResponse.lambda$errorHandler$0(W3CHandshakeResponse.java:62)
at org.openqa.selenium.remote.HandshakeResponse.lambda$getResponseFunction$0(HandshakeResponse.java:30)
at org.openqa.selenium.remote.ProtocolHandshake.lambda$createSession$0(ProtocolHandshake.java:126)
at java.base/java.util.stream.ReferencePipeline$3$1.accept(ReferencePipeline.java:197)
at java.base/java.util.Spliterators$ArraySpliterator.tryAdvance(Spliterators.java:958)
at java.base/java.util.stream.ReferencePipeline.forEachWithCancel(ReferencePipeline.java:129)
at java.base/java.util.stream.AbstractPipeline.copyIntoWithCancel(AbstractPipeline.java:502)
at java.base/java.util.stream.AbstractPipeline.copyInto(AbstractPipeline.java:488)
at java.base/java.util.stream.AbstractPipeline.wrapAndCopyInto(AbstractPipeline.java:474)
at java.base/java.util.stream.FindOps$FindOp.evaluateSequential(FindOps.java:150)
at java.base/java.util.stream.AbstractPipeline.evaluate(AbstractPipeline.java:234)
at java.base/java.util.stream.ReferencePipeline.findFirst(ReferencePipeline.java:647)
at org.openqa.selenium.remote.ProtocolHandshake.createSession(ProtocolHandshake.java:128)
at org.openqa.selenium.remote.ProtocolHandshake.createSession(ProtocolHandshake.java:74)
at org.openqa.selenium.remote.HttpCommandExecutor.execute(HttpCommandExecutor.java:136)
at org.openqa.selenium.remote.service.DriverCommandExecutor.execute(DriverCommandExecutor.java:83)
at org.openqa.selenium.remote.RemoteWebDriver.execute(RemoteWebDriver.java:552)
at org.openqa.selenium.remote.RemoteWebDriver.startSession(RemoteWebDriver.java:213)
at org.openqa.selenium.remote.RemoteWebDriver.<init>(RemoteWebDriver.java:131)
at org.openqa.selenium.chrome.ChromeDriver.<init>(ChromeDriver.java:181)
at org.openqa.selenium.chrome.ChromeDriver.<init>(ChromeDriver.java:168)
at org.openqa.selenium.chrome.ChromeDriver.<init>(ChromeDriver.java:123)
at com.generic.DriverManager.getDriver(DriverManager.java:13)
at com.Testing.TestExecution.setup(TestExecution.java:17)
at java.base/jdk.internal.reflect.NativeMethodAccessorImpl.invoke0(Native Method)
at java.base/jdk.internal.reflect.NativeMethodAccessorImpl.invoke(NativeMethodAccessorImpl.java:78)
at java.base/jdk.internal.reflect.DelegatingMethodAccessorImpl.invoke(DelegatingMethodAccessorImpl.java:43)
at java.base/java.lang.reflect.Method.invoke(Method.java:567)
at org.testng.internal.MethodInvocationHelper.invokeMethod(MethodInvocationHelper.java:133)
at org.testng.internal.MethodInvocationHelper.invokeMethodConsideringTimeout(MethodInvocationHelper.java:62)
at org.testng.internal.ConfigInvoker.invokeConfigurationMethod(ConfigInvoker.java:385)
at org.testng.internal.ConfigInvoker.invokeConfigurations(ConfigInvoker.java:321)
at org.testng.TestRunner.invokeTestConfigurations(TestRunner.java:637)
at org.testng.TestRunner.beforeRun(TestRunner.java:627)
at org.testng.TestRunner.run(TestRunner.java:589)
at org.testng.SuiteRunner.runTest(SuiteRunner.java:377)
at org.testng.SuiteRunner.runSequentially(SuiteRunner.java:371)
at org.testng.SuiteRunner.privateRun(SuiteRunner.java:332)
at org.testng.SuiteRunner.run(SuiteRunner.java:276)
at org.testng.SuiteRunnerWorker.runSuite(SuiteRunnerWorker.java:53)
at org.testng.SuiteRunnerWorker.run(SuiteRunnerWorker.java:96)
at org.testng.TestNG.runSuitesSequentially(TestNG.java:1212)
at org.testng.TestNG.runSuitesLocally(TestNG.java:1134)
at org.testng.TestNG.runSuites(TestNG.java:1063)
at org.testng.TestNG.run(TestNG.java:1031)
at org.testng.remote.AbstractRemoteTestNG.run(AbstractRemoteTestNG.java:115)
at org.testng.remote.RemoteTestNG.initAndRun(RemoteTestNG.java:251)
at org.testng.remote.RemoteTestNG.main(RemoteTestNG.java:77)
]]>
            </full-stacktrace>
          </exception> <!-- org.openqa.selenium.WebDriverException -->
          <reporter-output>
          </reporter-output>
        </test-method> <!-- login -->
        <test-method is-config="true" signature="teardown()[pri:0, instance:com.Testing.TestExecution@703580bf]" started-at="2021-07-16T00:13:03 EDT" name="teardown" finished-at="1969-12-31T19:00:00 EST" duration-ms="-1626408783000" status="SKIP">
          <reporter-output>
          </reporter-output>
        </test-method> <!-- teardown -->
      </class> <!-- com.Testing.TestExecution -->
    </test> <!-- Default test -->
  </suite> <!-- Default suite -->
</testng-results>
